<?xml version="1.0" encoding="UTF-8"?>
<testsuite name="pl.edu.mimuw.MatrixAssertionsTest" tests="53" skipped="0" failures="0" errors="0" timestamp="2022-05-17T01:18:20" hostname="bartek-blaszak" time="0.126">
  <properties/>
  <testcase name="testFullTimesThrowsOnNotMatchedSizes()" classname="pl.edu.mimuw.MatrixAssertionsTest" time="0.027"/>
  <testcase name="testFullAddThrowsOnNotMatchedSizes()" classname="pl.edu.mimuw.MatrixAssertionsTest" time="0.027"/>
  <testcase name="testInvalidConstructThrowsOnDifferentSizes()" classname="pl.edu.mimuw.MatrixAssertionsTest" time="0.026"/>
  <testcase name="testInvalidConstructThrowsOnOutboundNegativeIndices()" classname="pl.edu.mimuw.MatrixAssertionsTest" time="0.026"/>
  <testcase name="testSparseAddThrowsOnNotMatchedSizes()" classname="pl.edu.mimuw.MatrixAssertionsTest" time="0.024"/>
  <testcase name="testFullInvalidConstructThrowsOnEmpty()" classname="pl.edu.mimuw.MatrixAssertionsTest" time="0.024"/>
  <testcase name="testSparseTimesThrowsOnNotMatchedSizes()" classname="pl.edu.mimuw.MatrixAssertionsTest" time="0.027"/>
  <testcase name="testInvalidConstructThrowsOnOutboundIndices()" classname="pl.edu.mimuw.MatrixAssertionsTest" time="0.027"/>
  <testcase name="testFullInvalidConstructThrowsOnNull()" classname="pl.edu.mimuw.MatrixAssertionsTest" time="0.002"/>
  <testcase name="[1] FullMt:2.0 3.0" classname="pl.edu.mimuw.MatrixAssertionsTest" time="0.05"/>
  <testcase name="[2] FullMt:3.0 2.0" classname="pl.edu.mimuw.MatrixAssertionsTest" time="0.028"/>
  <testcase name="[2] FullMt:3.0 2.0" classname="pl.edu.mimuw.MatrixAssertionsTest" time="0.05"/>
  <testcase name="[4] 0.0 0.0 12.0 &#10;0.0 11.0 0.0 &#10;10.0 0.0 0.0 &#10;" classname="pl.edu.mimuw.MatrixAssertionsTest" time="0.001"/>
  <testcase name="[3] 7.0 0.0 0.0 &#10;0.0 8.0 0.0 &#10;0.0 0.0 9.0 &#10;" classname="pl.edu.mimuw.MatrixAssertionsTest" time="0.001"/>
  <testcase name="[3] 7.0 0.0 0.0 &#10;0.0 8.0 0.0 &#10;0.0 0.0 9.0 &#10;" classname="pl.edu.mimuw.MatrixAssertionsTest" time="0.001"/>
  <testcase name="[4] 0.0 0.0 12.0 &#10;0.0 11.0 0.0 &#10;10.0 0.0 0.0 &#10;" classname="pl.edu.mimuw.MatrixAssertionsTest" time="0.001"/>
  <testcase name="[1] FullMt:2.0 3.0" classname="pl.edu.mimuw.MatrixAssertionsTest" time="0.049"/>
  <testcase name="[5] 1.0 2.0 3.0 &#10;4.0 5.0 6.0 &#10;" classname="pl.edu.mimuw.MatrixAssertionsTest" time="0.001"/>
  <testcase name="[5] 1.0 2.0 3.0 &#10;4.0 5.0 6.0 &#10;" classname="pl.edu.mimuw.MatrixAssertionsTest" time="0.001"/>
  <testcase name="[3] 7.0 0.0 0.0 &#10;0.0 8.0 0.0 &#10;0.0 0.0 9.0 &#10;" classname="pl.edu.mimuw.MatrixAssertionsTest" time="0.032"/>
  <testcase name="[6] 1.0 2.0 &#10;3.0 4.0 &#10;5.0 6.0 &#10;" classname="pl.edu.mimuw.MatrixAssertionsTest" time="0.001"/>
  <testcase name="[7] 18.0 &#10;19.0 &#10;" classname="pl.edu.mimuw.MatrixAssertionsTest" time="0.001"/>
  <testcase name="[7] 18.0 &#10;19.0 &#10;" classname="pl.edu.mimuw.MatrixAssertionsTest" time="0.001"/>
  <testcase name="[4] 0.0 0.0 12.0 &#10;0.0 11.0 0.0 &#10;10.0 0.0 0.0 &#10;" classname="pl.edu.mimuw.MatrixAssertionsTest" time="0.007"/>
  <testcase name="[8] 15.0 &#10;16.0 &#10;17.0 &#10;" classname="pl.edu.mimuw.MatrixAssertionsTest" time="0.001"/>
  <testcase name="[9] 1.0 0.0 &#10;0.0 1.0 &#10;" classname="pl.edu.mimuw.MatrixAssertionsTest" time="0.001"/>
  <testcase name="[10] 1.0 0.0 0.0 &#10;0.0 1.0 0.0 &#10;0.0 0.0 1.0 &#10;" classname="pl.edu.mimuw.MatrixAssertionsTest" time="0.0"/>
  <testcase name="[11] 0.0 0.0 &#10;0.0 0.0 &#10;0.0 0.0 &#10;" classname="pl.edu.mimuw.MatrixAssertionsTest" time="0.001"/>
  <testcase name="[2] FullMt:3.0 2.0" classname="pl.edu.mimuw.MatrixAssertionsTest" time="0.061"/>
  <testcase name="[9] 1.0 0.0 &#10;0.0 1.0 &#10;" classname="pl.edu.mimuw.MatrixAssertionsTest" time="0.001"/>
  <testcase name="[7] 18.0 &#10;19.0 &#10;" classname="pl.edu.mimuw.MatrixAssertionsTest" time="0.001"/>
  <testcase name="[6] 1.0 2.0 &#10;3.0 4.0 &#10;5.0 6.0 &#10;" classname="pl.edu.mimuw.MatrixAssertionsTest" time="0.007"/>
  <testcase name="[8] 15.0 &#10;16.0 &#10;17.0 &#10;" classname="pl.edu.mimuw.MatrixAssertionsTest" time="0.001"/>
  <testcase name="[9] 1.0 0.0 &#10;0.0 1.0 &#10;" classname="pl.edu.mimuw.MatrixAssertionsTest" time="0.001"/>
  <testcase name="[10] 1.0 0.0 0.0 &#10;0.0 1.0 0.0 &#10;0.0 0.0 1.0 &#10;" classname="pl.edu.mimuw.MatrixAssertionsTest" time="0.0"/>
  <testcase name="[10] 1.0 0.0 0.0 &#10;0.0 1.0 0.0 &#10;0.0 0.0 1.0 &#10;" classname="pl.edu.mimuw.MatrixAssertionsTest" time="0.001"/>
  <testcase name="[11] 0.0 0.0 &#10;0.0 0.0 &#10;0.0 0.0 &#10;" classname="pl.edu.mimuw.MatrixAssertionsTest" time="0.001"/>
  <testcase name="[6] 1.0 2.0 &#10;3.0 4.0 &#10;5.0 6.0 &#10;" classname="pl.edu.mimuw.MatrixAssertionsTest" time="0.009"/>
  <testcase name="[4] 0.0 0.0 12.0 &#10;0.0 11.0 0.0 &#10;10.0 0.0 0.0 &#10;" classname="pl.edu.mimuw.MatrixAssertionsTest" time="0.0"/>
  <testcase name="[3] 7.0 0.0 0.0 &#10;0.0 8.0 0.0 &#10;0.0 0.0 9.0 &#10;" classname="pl.edu.mimuw.MatrixAssertionsTest" time="0.0"/>
  <testcase name="[5] 1.0 2.0 3.0 &#10;4.0 5.0 6.0 &#10;" classname="pl.edu.mimuw.MatrixAssertionsTest" time="0.001"/>
  <testcase name="[6] 1.0 2.0 &#10;3.0 4.0 &#10;5.0 6.0 &#10;" classname="pl.edu.mimuw.MatrixAssertionsTest" time="0.001"/>
  <testcase name="[7] 18.0 &#10;19.0 &#10;" classname="pl.edu.mimuw.MatrixAssertionsTest" time="0.001"/>
  <testcase name="[1] FullMt:2.0 3.0" classname="pl.edu.mimuw.MatrixAssertionsTest" time="0.067"/>
  <testcase name="[8] 15.0 &#10;16.0 &#10;17.0 &#10;" classname="pl.edu.mimuw.MatrixAssertionsTest" time="0.001"/>
  <testcase name="[1] FullMt:2.0 3.0" classname="pl.edu.mimuw.MatrixAssertionsTest" time="0.069"/>
  <testcase name="[8] 15.0 &#10;16.0 &#10;17.0 &#10;" classname="pl.edu.mimuw.MatrixAssertionsTest" time="0.003"/>
  <testcase name="[10] 1.0 0.0 0.0 &#10;0.0 1.0 0.0 &#10;0.0 0.0 1.0 &#10;" classname="pl.edu.mimuw.MatrixAssertionsTest" time="0.007"/>
  <testcase name="[11] 0.0 0.0 &#10;0.0 0.0 &#10;0.0 0.0 &#10;" classname="pl.edu.mimuw.MatrixAssertionsTest" time="0.0"/>
  <testcase name="[9] 1.0 0.0 &#10;0.0 1.0 &#10;" classname="pl.edu.mimuw.MatrixAssertionsTest" time="0.054"/>
  <testcase name="[11] 0.0 0.0 &#10;0.0 0.0 &#10;0.0 0.0 &#10;" classname="pl.edu.mimuw.MatrixAssertionsTest" time="0.008"/>
  <testcase name="[2] FullMt:3.0 2.0" classname="pl.edu.mimuw.MatrixAssertionsTest" time="0.074"/>
  <testcase name="[5] 1.0 2.0 3.0 &#10;4.0 5.0 6.0 &#10;" classname="pl.edu.mimuw.MatrixAssertionsTest" time="0.055"/>
  <system-out><![CDATA[]]></system-out>
  <system-err><![CDATA[]]></system-err>
</testsuite>
